#
# There is insufficient memory for the Java Runtime Environment to continue.
# Native memory allocation (malloc) failed to allocate 32744 bytes for ChunkPool::allocate
# Possible reasons:
#   The system is out of physical RAM or swap space
#   In 32 bit mode, the process size limit was hit
# Possible solutions:
#   Reduce memory load on the system
#   Increase physical memory or swap space
#   Check if swap backing store is full
#   Use 64 bit Java on a 64 bit OS
#   Decrease Java heap size (-Xmx/-Xms)
#   Decrease number of Java threads
#   Decrease Java thread stack sizes (-Xss)
#   Set larger code cache with -XX:ReservedCodeCacheSize=
# This output file may be truncated or incomplete.
#
#  Out of Memory Error (allocation.cpp:211), pid=956, tid=3540
#
# JRE version: Java(TM) SE Runtime Environment (7.0_60-b19) (build 1.7.0_60-b19)
# Java VM: Java HotSpot(TM) 64-Bit Server VM (24.60-b09 mixed mode windows-amd64 compressed oops)
# Failed to write core dump. Minidumps are not enabled by default on client versions of Windows
#

---------------  T H R E A D  ---------------

Current thread (0x000000000aace000):  JavaThread "C2 CompilerThread0" daemon [_thread_in_native, id=3540, stack(0x000000000c340000,0x000000000c440000)]

Stack: [0x000000000c340000,0x000000000c440000]
[error occurred during error reporting (printing stack bounds), id 0xc0000005]


[error occurred during error reporting (printing native stack), id 0xc0000005]


Current CompileTask:
C2:   6810  480             org.springframework.asm.ClassReader::accept (5758 bytes)


---------------  P R O C E S S  ---------------

Java Threads: ( => current thread )
  0x000000000cf27000 JavaThread "main-EventThread" daemon [_thread_blocked, id=3164, stack(0x0000000017fe0000,0x00000000180e0000)]
  0x000000000cf26800 JavaThread "main-SendThread(KSV8Y0NJMSJ5W9N:2181)" daemon [_thread_in_native, id=7256, stack(0x0000000017ee0000,0x0000000017fe0000)]
  0x000000000cf21800 JavaThread "ZkClient-EventThread-32-192.168.1.109:2181" daemon [_thread_blocked, id=9980, stack(0x0000000017de0000,0x0000000017ee0000)]
  0x000000000cf24000 JavaThread "DubboRegistryFailedRetryTimer-thread-1" daemon [_thread_blocked, id=9384, stack(0x0000000017ce0000,0x0000000017de0000)]
  0x000000000cf24800 JavaThread "Heal-Session-Thread" [_thread_blocked, id=10020, stack(0x0000000017230000,0x0000000017330000)]
  0x000000000cf23000 JavaThread "Xmemcached-Reactor-7" daemon [_thread_in_native, id=7040, stack(0x0000000017130000,0x0000000017230000)]
  0x000000000cf20000 JavaThread "Xmemcached-Reactor-6" daemon [_thread_in_native, id=464, stack(0x0000000016f30000,0x0000000017030000)]
  0x000000000cf22800 JavaThread "Xmemcached-Reactor-5" daemon [_thread_in_native, id=9732, stack(0x0000000016e30000,0x0000000016f30000)]
  0x000000000cf21000 JavaThread "Xmemcached-Reactor-4" daemon [_thread_in_native, id=9940, stack(0x0000000016d30000,0x0000000016e30000)]
  0x0000000012ef7800 JavaThread "Xmemcached-Reactor-3" daemon [_thread_in_native, id=3316, stack(0x0000000011d00000,0x0000000011e00000)]
  0x0000000015e7f800 JavaThread "Xmemcached-Reactor-2" daemon [_thread_in_native, id=8444, stack(0x0000000011c00000,0x0000000011d00000)]
  0x0000000010955800 JavaThread "Xmemcached-Reactor-1" daemon [_thread_in_native, id=8724, stack(0x0000000011b00000,0x0000000011c00000)]
  0x0000000016245800 JavaThread "Xmemcached-Reactor-0" daemon [_thread_in_native, id=3532, stack(0x000000000f8a0000,0x000000000f9a0000)]
  0x00000000111fa800 JavaThread "I/O dispatcher 1" daemon [_thread_in_native, id=9996, stack(0x000000000f7a0000,0x000000000f8a0000)]
  0x0000000014826800 JavaThread "AlibabaClientReactor-1-thread-1" daemon [_thread_in_native, id=7820, stack(0x000000000f6a0000,0x000000000f7a0000)]
  0x000000000fe50800 JavaThread "Druid-ConnectionPool-Destroy-538449932" daemon [_thread_blocked, id=9752, stack(0x000000000f5a0000,0x000000000f6a0000)]
  0x000000000fe5d000 JavaThread "Druid-ConnectionPool-Create-538449932" daemon [_thread_blocked, id=732, stack(0x000000000e410000,0x000000000e510000)]
  0x000000000d6c7800 JavaThread "Keep-Alive-Timer" daemon [_thread_blocked, id=5340, stack(0x0000000011a00000,0x0000000011b00000)]
  0x000000000cd71000 JavaThread "ReaderThread" [_thread_in_native, id=7336, stack(0x000000000d340000,0x000000000d440000)]
  0x000000000aad4800 JavaThread "Service Thread" daemon [_thread_blocked, id=3460, stack(0x000000000c540000,0x000000000c640000)]
  0x000000000aacf000 JavaThread "C2 CompilerThread1" daemon [_thread_blocked, id=9564, stack(0x000000000c440000,0x000000000c540000)]
=>0x000000000aace000 JavaThread "C2 CompilerThread0" daemon [_thread_in_native, id=3540, stack(0x000000000c340000,0x000000000c440000)]
  0x000000000aabd000 JavaThread "JDWP Command Reader" daemon [_thread_in_native, id=9504, stack(0x000000000c240000,0x000000000c340000)]
  0x000000000aaba000 JavaThread "JDWP Event Helper Thread" daemon [_thread_blocked, id=7632, stack(0x000000000c140000,0x000000000c240000)]
  0x000000000aaab800 JavaThread "JDWP Transport Listener: dt_socket" daemon [_thread_blocked, id=1780, stack(0x000000000c040000,0x000000000c140000)]
  0x000000000aaa3000 JavaThread "Attach Listener" daemon [_thread_blocked, id=9348, stack(0x000000000bf00000,0x000000000c000000)]
  0x000000000aa8f800 JavaThread "Signal Dispatcher" daemon [_thread_blocked, id=9772, stack(0x000000000be00000,0x000000000bf00000)]
  0x000000000278c800 JavaThread "Finalizer" daemon [_thread_blocked, id=5316, stack(0x000000000bd00000,0x000000000be00000)]
  0x0000000002784800 JavaThread "Reference Handler" daemon [_thread_blocked, id=7440, stack(0x000000000bc00000,0x000000000bd00000)]
  0x00000000026a5800 JavaThread "main" [_thread_blocked, id=7928, stack(0x00000000025a0000,0x00000000026a0000)]

Other Threads:
  0x000000000aa62000 VMThread [stack: 0x000000000bb00000,0x000000000bc00000] [id=9908]
  0x000000000aafd000 WatcherThread [stack: 0x000000000ca40000,0x000000000cb40000] [id=9848]

VM state:not at safepoint (normal execution)

VM Mutex/Monitor currently owned by a thread: None

Heap
 PSYoungGen      total 141312K, used 28101K [0x00000007d5e80000, 0x00000007e7c80000, 0x0000000800000000)
  eden space 130560K, 13% used [0x00000007d5e80000,0x00000007d6f726d0,0x00000007dde00000)
  from space 10752K, 99% used [0x00000007dde00000,0x00000007de87ed38,0x00000007de880000)
  to   space 15872K, 0% used [0x00000007e6d00000,0x00000007e6d00000,0x00000007e7c80000)
 ParOldGen       total 86016K, used 14277K [0x0000000781c00000, 0x0000000787000000, 0x00000007d5e80000)
  object space 86016K, 16% used [0x0000000781c00000,0x00000007829f1680,0x0000000787000000)
 PSPermGen       total 38400K, used 38099K [0x000000077ca00000, 0x000000077ef80000, 0x0000000781c00000)
  object space 38400K, 99% used [0x000000077ca00000,0x000000077ef34cc8,0x000000077ef80000)

Card table byte_map: [0x0000000005860000,0x0000000005c80000] byte_map_base: 0x0000000001c7b000

Polling page: 0x00000000009c0000

Code Cache  [0x00000000027a0000, 0x0000000002a10000, 0x00000000057a0000)
 total_blobs=949 nmethods=499 adapters=410 free_code_cache=46993Kb largest_free_block=48058176

Compilation events (10 events):
Event: 6.488 Thread 0x000000000aacf000  529             javassist.bytecode.ConstPool::getItem (9 bytes)
Event: 6.490 Thread 0x000000000aacf000 nmethod 529 0x0000000002851d50 code [0x0000000002851ea0, 0x0000000002852078]
Event: 6.490 Thread 0x000000000aacf000  530             javassist.bytecode.ConstPool::getUtf8Info (14 bytes)
Event: 6.492 Thread 0x000000000aacf000 nmethod 530 0x0000000002851710 code [0x0000000002851860, 0x0000000002851ab8]
Event: 6.492 Thread 0x000000000aacf000  531             java.lang.String::regionMatches (149 bytes)
Event: 6.504 Thread 0x000000000aacf000 nmethod 531 0x0000000002852a50 code [0x0000000002852be0, 0x0000000002853438]
Event: 6.510 Thread 0x000000000aacf000  532             java.util.concurrent.ConcurrentHashMap::putIfAbsent (79 bytes)
Event: 6.514 Thread 0x000000000aacf000 nmethod 532 0x0000000002852390 code [0x0000000002852500, 0x0000000002852788]
Event: 6.549 Thread 0x000000000aacf000  533             java.util.zip.ZipEntry::<init> (115 bytes)
Event: 6.550 Thread 0x000000000aacf000 nmethod 533 0x0000000002850f90 code [0x00000000028510c0, 0x00000000028511d8]

GC Heap History (10 events):
Event: 2.445 GC heap before
{Heap before GC invocations=3 (full 0):
 PSYoungGen      total 38400K, used 38381K [0x00000007d5e80000, 0x00000007d8900000, 0x0000000800000000)
  eden space 33280K, 100% used [0x00000007d5e80000,0x00000007d7f00000,0x00000007d7f00000)
  from space 5120K, 99% used [0x00000007d8400000,0x00000007d88fb648,0x00000007d8900000)
  to   space 5120K, 0% used [0x00000007d7f00000,0x00000007d7f00000,0x00000007d8400000)
 ParOldGen       total 86016K, used 692K [0x0000000781c00000, 0x0000000787000000, 0x00000007d5e80000)
  object space 86016K, 0% used [0x0000000781c00000,0x0000000781cad2c0,0x0000000787000000)
 PSPermGen       total 21504K, used 13597K [0x000000077ca00000, 0x000000077df00000, 0x0000000781c00000)
  object space 21504K, 63% used [0x000000077ca00000,0x000000077d747440,0x000000077df00000)
Event: 2.456 GC heap after
Heap after GC invocations=3 (full 0):
 PSYoungGen      total 38400K, used 5117K [0x00000007d5e80000, 0x00000007da980000, 0x0000000800000000)
  eden space 33280K, 0% used [0x00000007d5e80000,0x00000007d5e80000,0x00000007d7f00000)
  from space 5120K, 99% used [0x00000007d7f00000,0x00000007d83ff6c8,0x00000007d8400000)
  to   space 5120K, 0% used [0x00000007da480000,0x00000007da480000,0x00000007da980000)
 ParOldGen       total 86016K, used 1301K [0x0000000781c00000, 0x0000000787000000, 0x00000007d5e80000)
  object space 86016K, 1% used [0x0000000781c00000,0x0000000781d45730,0x0000000787000000)
 PSPermGen       total 21504K, used 13597K [0x000000077ca00000, 0x000000077df00000, 0x0000000781c00000)
  object space 21504K, 63% used [0x000000077ca00000,0x000000077d747440,0x000000077df00000)
}
Event: 3.033 GC heap before
{Heap before GC invocations=4 (full 0):
 PSYoungGen      total 38400K, used 38397K [0x00000007d5e80000, 0x00000007da980000, 0x0000000800000000)
  eden space 33280K, 100% used [0x00000007d5e80000,0x00000007d7f00000,0x00000007d7f00000)
  from space 5120K, 99% used [0x00000007d7f00000,0x00000007d83ff6c8,0x00000007d8400000)
  to   space 5120K, 0% used [0x00000007da480000,0x00000007da480000,0x00000007da980000)
 ParOldGen       total 86016K, used 1301K [0x0000000781c00000, 0x0000000787000000, 0x00000007d5e80000)
  object space 86016K, 1% used [0x0000000781c00000,0x0000000781d45730,0x0000000787000000)
 PSPermGen       total 21504K, used 14882K [0x000000077ca00000, 0x000000077df00000, 0x0000000781c00000)
  object space 21504K, 69% used [0x000000077ca00000,0x000000077d8888b8,0x000000077df00000)
Event: 3.042 GC heap after
Heap after GC invocations=4 (full 0):
 PSYoungGen      total 71680K, used 5101K [0x00000007d5e80000, 0x00000007da980000, 0x0000000800000000)
  eden space 66560K, 0% used [0x00000007d5e80000,0x00000007d5e80000,0x00000007d9f80000)
  from space 5120K, 99% used [0x00000007da480000,0x00000007da97b6f8,0x00000007da980000)
  to   space 5120K, 0% used [0x00000007d9f80000,0x00000007d9f80000,0x00000007da480000)
 ParOldGen       total 86016K, used 1301K [0x0000000781c00000, 0x0000000787000000, 0x00000007d5e80000)
  object space 86016K, 1% used [0x0000000781c00000,0x0000000781d45730,0x0000000787000000)
 PSPermGen       total 21504K, used 14882K [0x000000077ca00000, 0x000000077df00000, 0x0000000781c00000)
  object space 21504K, 69% used [0x000000077ca00000,0x000000077d8888b8,0x000000077df00000)
}
Event: 3.752 GC heap before
{Heap before GC invocations=5 (full 0):
 PSYoungGen      total 71680K, used 71661K [0x00000007d5e80000, 0x00000007da980000, 0x0000000800000000)
  eden space 66560K, 100% used [0x00000007d5e80000,0x00000007d9f80000,0x00000007d9f80000)
  from space 5120K, 99% used [0x00000007da480000,0x00000007da97b6f8,0x00000007da980000)
  to   space 5120K, 0% used [0x00000007d9f80000,0x00000007d9f80000,0x00000007da480000)
 ParOldGen       total 86016K, used 1301K [0x0000000781c00000, 0x0000000787000000, 0x00000007d5e80000)
  object space 86016K, 1% used [0x0000000781c00000,0x0000000781d45730,0x0000000787000000)
 PSPermGen       total 21504K, used 19484K [0x000000077ca00000, 0x000000077df00000, 0x0000000781c00000)
  object space 21504K, 90% used [0x000000077ca00000,0x000000077dd070b0,0x000000077df00000)
Event: 3.767 GC heap after
Heap after GC invocations=5 (full 0):
 PSYoungGen      total 71680K, used 5113K [0x00000007d5e80000, 0x00000007df080000, 0x0000000800000000)
  eden space 66560K, 0% used [0x00000007d5e80000,0x00000007d5e80000,0x00000007d9f80000)
  from space 5120K, 99% used [0x00000007d9f80000,0x00000007da47e498,0x00000007da480000)
  to   space 8192K, 0% used [0x00000007de880000,0x00000007de880000,0x00000007df080000)
 ParOldGen       total 86016K, used 4222K [0x0000000781c00000, 0x0000000787000000, 0x00000007d5e80000)
  object space 86016K, 4% used [0x0000000781c00000,0x000000078201f858,0x0000000787000000)
 PSPermGen       total 21504K, used 19484K [0x000000077ca00000, 0x000000077df00000, 0x0000000781c00000)
  object space 21504K, 90% used [0x000000077ca00000,0x000000077dd070b0,0x000000077df00000)
}
Event: 4.610 GC heap before
{Heap before GC invocations=6 (full 0):
 PSYoungGen      total 71680K, used 71673K [0x00000007d5e80000, 0x00000007df080000, 0x0000000800000000)
  eden space 66560K, 100% used [0x00000007d5e80000,0x00000007d9f80000,0x00000007d9f80000)
  from space 5120K, 99% used [0x00000007d9f80000,0x00000007da47e498,0x00000007da480000)
  to   space 8192K, 0% used [0x00000007de880000,0x00000007de880000,0x00000007df080000)
 ParOldGen       total 86016K, used 4222K [0x0000000781c00000, 0x0000000787000000, 0x00000007d5e80000)
  object space 86016K, 4% used [0x0000000781c00000,0x000000078201f858,0x0000000787000000)
 PSPermGen       total 27648K, used 27231K [0x000000077ca00000, 0x000000077e500000, 0x0000000781c00000)
  object space 27648K, 98% used [0x000000077ca00000,0x000000077e497fc0,0x000000077e500000)
Event: 4.626 GC heap after
Heap after GC invocations=6 (full 0):
 PSYoungGen      total 138752K, used 8184K [0x00000007d5e80000, 0x00000007df580000, 0x0000000800000000)
  eden space 130560K, 0% used [0x00000007d5e80000,0x00000007d5e80000,0x00000007dde00000)
  from space 8192K, 99% used [0x00000007de880000,0x00000007df07e290,0x00000007df080000)
  to   space 10752K, 0% used [0x00000007dde00000,0x00000007dde00000,0x00000007de880000)
 ParOldGen       total 86016K, used 7635K [0x0000000781c00000, 0x0000000787000000, 0x00000007d5e80000)
  object space 86016K, 8% used [0x0000000781c00000,0x0000000782374fe0,0x0000000787000000)
 PSPermGen       total 27648K, used 27231K [0x000000077ca00000, 0x000000077e500000, 0x0000000781c00000)
  object space 27648K, 98% used [0x000000077ca00000,0x000000077e497fc0,0x000000077e500000)
}
Event: 6.415 GC heap before
{Heap before GC invocations=7 (full 0):
 PSYoungGen      total 138752K, used 138744K [0x00000007d5e80000, 0x00000007df580000, 0x0000000800000000)
  eden space 130560K, 100% used [0x00000007d5e80000,0x00000007dde00000,0x00000007dde00000)
  from space 8192K, 99% used [0x00000007de880000,0x00000007df07e290,0x00000007df080000)
  to   space 10752K, 0% used [0x00000007dde00000,0x00000007dde00000,0x00000007de880000)
 ParOldGen       total 86016K, used 7635K [0x0000000781c00000, 0x0000000787000000, 0x00000007d5e80000)
  object space 86016K, 8% used [0x0000000781c00000,0x0000000782374fe0,0x0000000787000000)
 PSPermGen       total 37888K, used 37578K [0x000000077ca00000, 0x000000077ef00000, 0x0000000781c00000)
  object space 37888K, 99% used [0x000000077ca00000,0x000000077eeb2858,0x000000077ef00000)
Event: 6.444 GC heap after
Heap after GC invocations=7 (full 0):
 PSYoungGen      total 141312K, used 10747K [0x00000007d5e80000, 0x00000007e7c80000, 0x0000000800000000)
  eden space 130560K, 0% used [0x00000007d5e80000,0x00000007d5e80000,0x00000007dde00000)
  from space 10752K, 99% used [0x00000007dde00000,0x00000007de87ed38,0x00000007de880000)
  to   space 15872K, 0% used [0x00000007e6d00000,0x00000007e6d00000,0x00000007e7c80000)
 ParOldGen       total 86016K, used 14277K [0x0000000781c00000, 0x0000000787000000, 0x00000007d5e80000)
  object space 86016K, 16% used [0x0000000781c00000,0x00000007829f1680,0x0000000787000000)
 PSPermGen       total 37888K, used 37578K [0x000000077ca00000, 0x000000077ef00000, 0x0000000781c00000)
  object space 37888K, 99% used [0x000000077ca00000,0x000000077eeb2858,0x000000077ef00000)
}

Deoptimization events (10 events):
Event: 6.552 Thread 0x00000000026a5800 Uncommon trap: reason=unhandled action=none pc=0x00000000029a6228 method=java.net.URLClassLoader$1.run()Ljava/lang/Class; @ 72
Event: 6.553 Thread 0x00000000026a5800 Uncommon trap: reason=unhandled action=none pc=0x00000000029a6228 method=java.net.URLClassLoader$1.run()Ljava/lang/Class; @ 72
Event: 6.554 Thread 0x00000000026a5800 Uncommon trap: reason=unhandled action=none pc=0x00000000029a6228 method=java.net.URLClassLoader$1.run()Ljava/lang/Class; @ 72
Event: 6.554 Thread 0x00000000026a5800 Uncommon trap: reason=unhandled action=none pc=0x00000000029a6228 method=java.net.URLClassLoader$1.run()Ljava/lang/Class; @ 72
Event: 6.555 Thread 0x00000000026a5800 Uncommon trap: reason=unhandled action=none pc=0x00000000029a6228 method=java.net.URLClassLoader$1.run()Ljava/lang/Class; @ 72
Event: 6.573 Thread 0x000000000cf26800 Uncommon trap: reason=unhandled action=none pc=0x00000000029a6228 method=java.net.URLClassLoader$1.run()Ljava/lang/Class; @ 72
Event: 6.575 Thread 0x000000000cf26800 Uncommon trap: reason=unhandled action=none pc=0x00000000029a6228 method=java.net.URLClassLoader$1.run()Ljava/lang/Class; @ 72
Event: 6.581 Thread 0x000000000cf26800 Uncommon trap: reason=unhandled action=none pc=0x00000000029a6228 method=java.net.URLClassLoader$1.run()Ljava/lang/Class; @ 72
Event: 6.582 Thread 0x000000000cf26800 Uncommon trap: reason=unhandled action=none pc=0x00000000029a6228 method=java.net.URLClassLoader$1.run()Ljava/lang/Class; @ 72
Event: 6.584 Thread 0x000000000cf26800 Uncommon trap: reason=unhandled action=none pc=0x00000000029a6228 method=java.net.URLClassLoader$1.run()Ljava/lang/Class; @ 72

Internal exceptions (10 events):
Event: 6.552 Thread 0x00000000026a5800 Threw 0x00000007d6302a98 at C:\re\jdk7u60\1081\hotspot\src\share\vm\prims\jvm.cpp:1244
Event: 6.553 Thread 0x00000000026a5800 Threw 0x00000007d63085a8 at C:\re\jdk7u60\1081\hotspot\src\share\vm\prims\jvm.cpp:1244
Event: 6.554 Thread 0x00000000026a5800 Threw 0x00000007d630e690 at C:\re\jdk7u60\1081\hotspot\src\share\vm\prims\jvm.cpp:1244
Event: 6.554 Thread 0x00000000026a5800 Threw 0x00000007d631a488 at C:\re\jdk7u60\1081\hotspot\src\share\vm\prims\jvm.cpp:1244
Event: 6.555 Thread 0x00000000026a5800 Threw 0x00000007d6320338 at C:\re\jdk7u60\1081\hotspot\src\share\vm\prims\jvm.cpp:1244
Event: 6.573 Thread 0x000000000cf26800 Threw 0x00000007d65dce10 at C:\re\jdk7u60\1081\hotspot\src\share\vm\prims\jvm.cpp:1244
Event: 6.575 Thread 0x000000000cf26800 Threw 0x00000007d65eab90 at C:\re\jdk7u60\1081\hotspot\src\share\vm\prims\jvm.cpp:1244
Event: 6.581 Thread 0x000000000cf26800 Threw 0x00000007d65f5818 at C:\re\jdk7u60\1081\hotspot\src\share\vm\prims\jvm.cpp:1244
Event: 6.582 Thread 0x000000000cf26800 Threw 0x00000007d65fd708 at C:\re\jdk7u60\1081\hotspot\src\share\vm\prims\jvm.cpp:1244
Event: 6.584 Thread 0x000000000cf26800 Threw 0x00000007d6601fd8 at C:\re\jdk7u60\1081\hotspot\src\share\vm\prims\jvm.cpp:1244

Events (10 events):
Event: 6.582 Thread 0x000000000cf26800 DEOPT UNPACKING pc=0x00000000027d92b9 sp=0x0000000017fdd748 mode 1
Event: 6.583 loading class 0x000000000dd8f130
Event: 6.583 loading class 0x000000000dd8f130 done
Event: 6.584 Thread 0x000000000cf26800 Uncommon trap: trap_request=0xffffffa7 fr.pc=0x00000000029a6228
Event: 6.584 Thread 0x000000000cf26800 DEOPT PACKING pc=0x00000000029a6228 sp=0x0000000017fdd800
Event: 6.584 Thread 0x000000000cf26800 DEOPT UNPACKING pc=0x00000000027d75a4 sp=0x0000000017fdd758 mode 2
Event: 6.584 Thread 0x000000000cf26800 DEOPT PACKING pc=0x00000000029aeda0 sp=0x0000000017fde330
Event: 6.584 Thread 0x000000000cf26800 DEOPT UNPACKING pc=0x00000000027d92b9 sp=0x0000000017fde048 mode 1
Event: 6.584 Thread 0x000000000cf26800 DEOPT PACKING pc=0x00000000029135c0 sp=0x0000000017fde370
Event: 6.584 Thread 0x000000000cf26800 DEOPT UNPACKING pc=0x00000000027d92b9 sp=0x0000000017fde048 mode 1


Dynamic libraries:
0x00007ff620620000 - 0x00007ff620653000 	G:\tools\jdk1.7.0_x64\bin\javaw.exe
0x00007ffdcf410000 - 0x00007ffdcf5b9000 	C:\windows\SYSTEM32\ntdll.dll
0x00007ffdce3c0000 - 0x00007ffdce4f9000 	C:\windows\system32\KERNEL32.DLL
0x00007ffdccb40000 - 0x00007ffdccc4e000 	C:\windows\system32\KERNELBASE.dll
0x00007ffdcb3c0000 - 0x00007ffdcb44b000 	C:\windows\system32\apphelp.dll
0x00007ffdb5730000 - 0x00007ffdb577c000 	C:\windows\AppPatch\AppPatch64\AcGenral.DLL
0x00007ffdccdf0000 - 0x00007ffdcce97000 	C:\windows\system32\msvcrt.dll
0x00007ffdcc640000 - 0x00007ffdcc66b000 	C:\windows\SYSTEM32\SspiCli.dll
0x00007ffdccf50000 - 0x00007ffdccfa1000 	C:\windows\system32\SHLWAPI.dll
0x00007ffdcf050000 - 0x00007ffdcf1c1000 	C:\windows\system32\USER32.dll
0x00007ffdcec20000 - 0x00007ffdced96000 	C:\windows\system32\ole32.dll
0x00007ffdccfb0000 - 0x00007ffdce3bf000 	C:\windows\system32\SHELL32.dll
0x00007ffdcbe20000 - 0x00007ffdcbe3f000 	C:\windows\SYSTEM32\USERENV.dll
0x00007ffdccea0000 - 0x00007ffdccf45000 	C:\windows\system32\ADVAPI32.dll
0x00007ffdbad80000 - 0x00007ffdbad9b000 	C:\windows\SYSTEM32\MPR.dll
0x00007ffdcccb0000 - 0x00007ffdccde6000 	C:\windows\system32\RPCRT4.dll
0x00007ffdce5e0000 - 0x00007ffdce637000 	C:\windows\SYSTEM32\sechost.dll
0x00007ffdcf1d0000 - 0x00007ffdcf3a7000 	C:\windows\SYSTEM32\combase.dll
0x00007ffdcee60000 - 0x00007ffdcefa5000 	C:\windows\system32\GDI32.dll
0x00007ffdcc790000 - 0x00007ffdcc7a4000 	C:\windows\SYSTEM32\profapi.dll
0x00007ffdcadc0000 - 0x00007ffdcae61000 	C:\windows\SYSTEM32\SHCORE.dll
0x00007ffdce840000 - 0x00007ffdce874000 	C:\windows\system32\IMM32.DLL
0x00007ffdcea80000 - 0x00007ffdcebb8000 	C:\windows\system32\MSCTF.dll
0x00007ffdca530000 - 0x00007ffdca78a000 	C:\windows\WinSxS\amd64_microsoft.windows.common-controls_6595b64144ccf1df_6.0.9600.16384_none_62475f7becb72503\COMCTL32.dll
0x000000005aad0000 - 0x000000005aba2000 	G:\tools\jdk1.7.0_x64\jre\bin\msvcr100.dll
0x000000005a2f0000 - 0x000000005aac2000 	G:\tools\jdk1.7.0_x64\jre\bin\server\jvm.dll
0x00007ffdc71e0000 - 0x00007ffdc71e9000 	C:\windows\SYSTEM32\WSOCK32.dll
0x00007ffdc8070000 - 0x00007ffdc808f000 	C:\windows\SYSTEM32\WINMM.dll
0x00007ffdce500000 - 0x00007ffdce507000 	C:\windows\system32\PSAPI.DLL
0x00007ffdcf3b0000 - 0x00007ffdcf408000 	C:\windows\system32\WS2_32.dll
0x00007ffdc7ed0000 - 0x00007ffdc7efa000 	C:\windows\SYSTEM32\WINMMBASE.dll
0x00007ffdccca0000 - 0x00007ffdccca9000 	C:\windows\system32\NSI.dll
0x00007ffdccc50000 - 0x00007ffdccc9a000 	C:\windows\SYSTEM32\cfgmgr32.dll
0x00007ffdcb610000 - 0x00007ffdcb636000 	C:\windows\SYSTEM32\DEVOBJ.dll
0x000000005ae40000 - 0x000000005ae4f000 	G:\tools\jdk1.7.0_x64\jre\bin\verify.dll
0x000000005ae10000 - 0x000000005ae38000 	G:\tools\jdk1.7.0_x64\jre\bin\java.dll
0x000000005a2b0000 - 0x000000005a2e5000 	G:\tools\jdk1.7.0_x64\jre\bin\jdwp.dll
0x000000005ad20000 - 0x000000005ad28000 	G:\tools\jdk1.7.0_x64\jre\bin\npt.dll
0x000000005a290000 - 0x000000005a2a5000 	G:\tools\jdk1.7.0_x64\jre\bin\zip.dll
0x000000005ad10000 - 0x000000005ad19000 	G:\tools\jdk1.7.0_x64\jre\bin\dt_socket.dll
0x00007ffdab0d0000 - 0x00007ffdab0e4000 	C:\windows\system32\napinsp.dll
0x00007ffdab0f0000 - 0x00007ffdab109000 	C:\windows\system32\pnrpnsp.dll
0x00007ffdc6150000 - 0x00007ffdc6169000 	C:\windows\system32\NLAapi.dll
0x00007ffdcc0c0000 - 0x00007ffdcc118000 	C:\windows\System32\mswsock.dll
0x00007ffdcbed0000 - 0x00007ffdcbf73000 	C:\windows\SYSTEM32\DNSAPI.dll
0x00007ffdab170000 - 0x00007ffdab17c000 	C:\windows\System32\winrnr.dll
0x00007ffdab180000 - 0x00007ffdab193000 	C:\windows\system32\wshbth.dll
0x000000005bfd0000 - 0x000000005bff6000 	C:\Program Files\Bonjour\mdnsNSP.dll
0x00007ffdc5bc0000 - 0x00007ffdc5be9000 	C:\windows\SYSTEM32\Iphlpapi.DLL
0x00007ffdc5ba0000 - 0x00007ffdc5baa000 	C:\windows\SYSTEM32\WINNSI.DLL
0x00007ffdc5780000 - 0x00007ffdc57e7000 	C:\windows\System32\fwpuclnt.dll
0x00007ffdbd660000 - 0x00007ffdbd669000 	C:\Windows\System32\rasadhlp.dll
0x000000005a270000 - 0x000000005a289000 	G:\tools\jdk1.7.0_x64\jre\bin\net.dll
0x000000005a250000 - 0x000000005a261000 	G:\tools\jdk1.7.0_x64\jre\bin\nio.dll
0x000000005a210000 - 0x000000005a21b000 	G:\tools\jdk1.7.0_x64\jre\bin\management.dll
0x00007ffdcc120000 - 0x00007ffdcc13e000 	C:\windows\SYSTEM32\CRYPTSP.dll
0x00007ffdcbd10000 - 0x00007ffdcbd45000 	C:\windows\system32\rsaenh.dll
0x00007ffdcc350000 - 0x00007ffdcc376000 	C:\windows\SYSTEM32\bcrypt.dll
0x00007ffdcc670000 - 0x00007ffdcc6ce000 	C:\windows\system32\bcryptprimitives.dll
0x00007ffdcc6d0000 - 0x00007ffdcc6da000 	C:\windows\SYSTEM32\CRYPTBASE.dll
0x00007ffdc5690000 - 0x00007ffdc56a4000 	C:\windows\SYSTEM32\dhcpcsvc6.DLL
0x00007ffdc56b0000 - 0x00007ffdc56c9000 	C:\windows\SYSTEM32\dhcpcsvc.DLL
0x000000005a220000 - 0x000000005a244000 	G:\tools\jdk1.7.0_x64\jre\bin\sunec.dll

VM Arguments:
jvm_args: -agentlib:jdwp=transport=dt_socket,suspend=y,address=localhost:49188 -Dfile.encoding=UTF-8 
java_command: org.eclipse.jdt.internal.junit.runner.RemoteTestRunner -version 3 -port 49187 -testLoaderClass org.eclipse.jdt.internal.junit4.runner.JUnit4TestLoader -loaderpluginname org.eclipse.jdt.junit4.runtime -classNames com.bohusoft.alicopy.test.parse.TaobaoDetailHtmlParseTest
Launcher Type: SUN_STANDARD

Environment Variables:
JAVA_HOME=G:\tools\jdk1.7.0_x64
CLASSPATH=G:\tools\jdk1.7.0_x64\lib;G:\tools\jdk1.7.0_x64\lib\dt.jar;G:\tools\jdk1.7.0_x64\lib\tools.jar
PATH=C:\Program Files (x86)\NVIDIA Corporation\PhysX\Common;C:\Program Files (x86)\Intel\iCLS Client\;C:\Program Files\Intel\iCLS Client\;C:\windows\system32;C:\windows;C:\windows\System32\Wbem;C:\windows\System32\WindowsPowerShell\v1.0\;C:\Program Files\Intel\Intel(R) Management Engine Components\DAL;C:\Program Files\Intel\Intel(R) Management Engine Components\IPT;C:\Program Files (x86)\Intel\Intel(R) Management Engine Components\DAL;C:\Program Files (x86)\Intel\Intel(R) Management Engine Components\IPT;C:\Program Files\Condusiv Technologies\ExpressCache\;G:\tools\go\\bin;G:\tools\jdk1.7.0_x64\bin;G:\tools\jdk1.7.0_x64\jre\bin;G:\tools\apache-maven-3.2.1\bin;G:\tools\TDM-GCC-64\bin;D:\Program Files\TortoiseGit\bin;d:\Program Files (x86)\Git\cmd;G:\tools\gradle-2.1\bin;G:\tools\gopath\bin;G:\tools\nodejs\;G:\tools\sqlite;G:\IDE\android-studio\sdk\tools;G:\tools\Python27;G:\IDE\intelliJI-idea\bin;G:\tools\phantomjs-2.0.0-windows\bin;G:\tools\apache-ant-1.9.4\bin;G:\tools\gitsource\js\casperjs\bin;C:\Users\V551\AppData\Roaming\npm
USERNAME=zhoufeng
OS=Windows_NT
PROCESSOR_IDENTIFIER=Intel64 Family 6 Model 69 Stepping 1, GenuineIntel



---------------  S Y S T E M  ---------------

OS: Windows 8.1 , 64 bit Build 9600 

CPU:total 4 (2 cores per cpu, 2 threads per core) family 6 model 69 stepping 1, cmov, cx8, fxsr, mmx, sse, sse2, sse3, ssse3, sse4.1, sse4.2, popcnt, avx, avx2, aes, erms, ht, tsc, tscinvbit

Memory: 4k page, physical 8268828k(1937644k free), swap 8268828k(5088k free)

vm_info: Java HotSpot(TM) 64-Bit Server VM (24.60-b09) for windows-amd64 JRE (1.7.0_60-b19), built on May  7 2014 12:55:18 by "java_re" with unknown MS VC++:1600

time: Fri Dec 18 15:53:34 2015
elapsed time: 6 seconds

